Using pre-set license
Built from '2020.3/release' branch; Version is '2020.3.7f1 (dd97f2c94397) revision 14522354'; Using compiler version '192528614'; Build Type 'Release'
OS: 'Windows 10 Home Single Language; OS build 19043.1348; Version 2009; 64bit' Language: 'tr' Physical Memory: 8090 MB
BatchMode: 1, IsHumanControllingUs: 0, StartBugReporterOnCrash: 0, Is64bit: 1, IsPro: 0

 COMMAND LINE ARGUMENTS:
K:\Unity Hub\2020.3.7f1\Editor\Unity.exe
-adb2
-batchMode
-noUpm
-name
AssetImportWorker0
-projectPath
K:/PROTOTYPES/Bouncy/bouncy
-logFile
Logs/AssetImportWorker0.log
-srvPort
8760
Successfully changed project path to: K:/PROTOTYPES/Bouncy/bouncy
K:/PROTOTYPES/Bouncy/bouncy
Using Asset Import Pipeline V2.
Refreshing native plugins compatible for Editor in 44.37 ms, found 1 plugins.
Preloading 0 native plugins for Editor in 0.00 ms.
Initialize engine version: 2020.3.7f1 (dd97f2c94397)
[Subsystems] Discovering subsystems at path K:/Unity Hub/2020.3.7f1/Editor/Data/Resources/UnitySubsystems
[Subsystems] Discovering subsystems at path K:/PROTOTYPES/Bouncy/bouncy/Assets
GfxDevice: creating device client; threaded=0
Direct3D:
    Version:  Direct3D 11.0 [level 11.0]
    Renderer: NVIDIA GeForce GTX 960M (ID=0x139b)
    Vendor:   
    VRAM:     4055 MB
    Driver:   30.0.14.9649
Initialize mono
Mono path[0] = 'K:/Unity Hub/2020.3.7f1/Editor/Data/Managed'
Mono path[1] = 'K:/Unity Hub/2020.3.7f1/Editor/Data/MonoBleedingEdge/lib/mono/unityjit'
Mono config path = 'K:/Unity Hub/2020.3.7f1/Editor/Data/MonoBleedingEdge/etc'
Using monoOptions --debugger-agent=transport=dt_socket,embedding=1,server=y,suspend=n,address=127.0.0.1:56444
Begin MonoManager ReloadAssembly
Registering precompiled unity dll's ...
Register platform support module: K:/Unity Hub/2020.3.7f1/Editor/Data/PlaybackEngines/WindowsStandaloneSupport/UnityEditor.WindowsStandalone.Extensions.dll
Registered in 0.001783 seconds.
Native extension for WindowsStandalone target not found
Refreshing native plugins compatible for Editor in 41.13 ms, found 1 plugins.
Preloading 0 native plugins for Editor in 0.00 ms.
Mono: successfully reloaded assembly
- Completed reload, in  1.367 seconds
Platform modules already initialized, skipping
Registering precompiled user dll's ...
Registered in 0.000919 seconds.
Begin MonoManager ReloadAssembly
Native extension for WindowsStandalone target not found
Refreshing native plugins compatible for Editor in 40.79 ms, found 1 plugins.
Preloading 0 native plugins for Editor in 0.00 ms.
Mono: successfully reloaded assembly
- Completed reload, in  1.233 seconds
Platform modules already initialized, skipping
========================================================================
Worker process is ready to serve import requests
Launched and connected shader compiler UnityShaderCompiler.exe after 0.15 seconds
Refreshing native plugins compatible for Editor in 0.47 ms, found 1 plugins.
Preloading 0 native plugins for Editor in 0.00 ms.
Unloading 1811 Unused Serialized files (Serialized files now loaded: 0)
System memory in use before: 85.0 MB.
System memory in use after: 84.9 MB.

Unloading 24 unused Assets to reduce memory usage. Loaded Objects now: 2254.
Total: 3.560600 ms (FindLiveObjects: 0.766400 ms CreateObjectMapping: 0.136500 ms MarkObjects: 2.467000 ms  DeleteObjects: 0.189200 ms)

========================================================================
Received Import Request.
  path: Assets/Prefabs/Rightside Platforms
  artifactKey: Guid(dc47b1775bb447e45b6b456593be6eba) Importer(815301076,1909f56bfc062723c751e8b465ee728b)
Start importing Assets/Prefabs/Rightside Platforms using Guid(dc47b1775bb447e45b6b456593be6eba) Importer(815301076,1909f56bfc062723c751e8b465ee728b)  -> (artifact id: '4feb1393772a32a6227aa8236a544d06') in 0.029570 seconds
  Import took 0.032673 seconds .

========================================================================
Received Prepare
Registering precompiled user dll's ...
Registered in 0.000944 seconds.
Begin MonoManager ReloadAssembly
Native extension for WindowsStandalone target not found
Refreshing native plugins compatible for Editor in 0.38 ms, found 1 plugins.
Preloading 0 native plugins for Editor in 0.00 ms.
Mono: successfully reloaded assembly
- Completed reload, in  1.097 seconds
Platform modules already initialized, skipping
Refreshing native plugins compatible for Editor in 0.51 ms, found 1 plugins.
Preloading 0 native plugins for Editor in 0.00 ms.
Unloading 1806 Unused Serialized files (Serialized files now loaded: 0)
System memory in use before: 84.9 MB.
System memory in use after: 84.9 MB.

Unloading 12 unused Assets to reduce memory usage. Loaded Objects now: 2258.
Total: 2.801700 ms (FindLiveObjects: 0.257100 ms CreateObjectMapping: 0.074600 ms MarkObjects: 2.298200 ms  DeleteObjects: 0.171000 ms)

========================================================================
Received Import Request.
  Time since last request: 18.298750 seconds.
  path: Assets/Scripts/Platform/PlatformMethods.cs
  artifactKey: Guid(55e8e7dfc3f2219489c1b8628a5c5c5b) Importer(815301076,1909f56bfc062723c751e8b465ee728b)
Start importing Assets/Scripts/Platform/PlatformMethods.cs using Guid(55e8e7dfc3f2219489c1b8628a5c5c5b) Importer(815301076,1909f56bfc062723c751e8b465ee728b)  -> (artifact id: 'f06557da35bc1e1b3953307958d90d0c') in 0.128967 seconds
  Import took 0.152226 seconds .

========================================================================
Received Import Request.
  Time since last request: 8.277646 seconds.
  path: Assets/Scripts/Platform/RightsidePlatformMethods.cs
  artifactKey: Guid(55e8e7dfc3f2219489c1b8628a5c5c5b) Importer(815301076,1909f56bfc062723c751e8b465ee728b)
Start importing Assets/Scripts/Platform/RightsidePlatformMethods.cs using Guid(55e8e7dfc3f2219489c1b8628a5c5c5b) Importer(815301076,1909f56bfc062723c751e8b465ee728b)  -> (artifact id: 'ac825d6b48284db8adbab9cb2f60ad27') in 0.005765 seconds
  Import took 0.028680 seconds .

========================================================================
Received Prepare
Registering precompiled user dll's ...
Registered in 0.001139 seconds.
Begin MonoManager ReloadAssembly
Native extension for WindowsStandalone target not found
Refreshing native plugins compatible for Editor in 0.79 ms, found 1 plugins.
Preloading 0 native plugins for Editor in 0.00 ms.
Mono: successfully reloaded assembly
- Completed reload, in  1.489 seconds
Platform modules already initialized, skipping
Refreshing native plugins compatible for Editor in 0.53 ms, found 1 plugins.
Preloading 0 native plugins for Editor in 0.00 ms.
Unloading 1806 Unused Serialized files (Serialized files now loaded: 0)
System memory in use before: 85.0 MB.
System memory in use after: 85.0 MB.

Unloading 12 unused Assets to reduce memory usage. Loaded Objects now: 2262.
Total: 3.130000 ms (FindLiveObjects: 0.719500 ms CreateObjectMapping: 0.294600 ms MarkObjects: 1.960200 ms  DeleteObjects: 0.154500 ms)

========================================================================
Received Prepare
Registering precompiled user dll's ...
Registered in 0.001674 seconds.
Begin MonoManager ReloadAssembly
Native extension for WindowsStandalone target not found
Refreshing native plugins compatible for Editor in 0.59 ms, found 1 plugins.
Preloading 0 native plugins for Editor in 0.00 ms.
Mono: successfully reloaded assembly
- Completed reload, in  1.147 seconds
Platform modules already initialized, skipping
Refreshing native plugins compatible for Editor in 0.64 ms, found 1 plugins.
Preloading 0 native plugins for Editor in 0.00 ms.
Unloading 1806 Unused Serialized files (Serialized files now loaded: 0)
System memory in use before: 85.0 MB.
System memory in use after: 85.0 MB.

Unloading 12 unused Assets to reduce memory usage. Loaded Objects now: 2266.
Total: 2.816700 ms (FindLiveObjects: 0.319000 ms CreateObjectMapping: 0.104000 ms MarkObjects: 2.230900 ms  DeleteObjects: 0.161700 ms)

========================================================================
Received Import Request.
  Time since last request: 50.919049 seconds.
  path: Assets/Scripts/Platform/RightsidePlatformMethods.cs
  artifactKey: Guid(55e8e7dfc3f2219489c1b8628a5c5c5b) Importer(815301076,1909f56bfc062723c751e8b465ee728b)
Start importing Assets/Scripts/Platform/RightsidePlatformMethods.cs using Guid(55e8e7dfc3f2219489c1b8628a5c5c5b) Importer(815301076,1909f56bfc062723c751e8b465ee728b)  -> (artifact id: 'eac2a152ce926c5e77e4e36f10b50636') in 0.007217 seconds
  Import took 0.034933 seconds .

========================================================================
Received Import Request.
  Time since last request: 16.060346 seconds.
  path: Assets/Scripts/Platform/LeftsidePlatformMethods.cs
  artifactKey: Guid(9102b5ac57db8a045b1dfef07e10acad) Importer(815301076,1909f56bfc062723c751e8b465ee728b)
Start importing Assets/Scripts/Platform/LeftsidePlatformMethods.cs using Guid(9102b5ac57db8a045b1dfef07e10acad) Importer(815301076,1909f56bfc062723c751e8b465ee728b)  -> (artifact id: 'e2237fc6521a284f0ad8cd9064ac1ef2') in 0.004397 seconds
  Import took 0.009381 seconds .

========================================================================
Received Prepare
Registering precompiled user dll's ...
Registered in 0.001049 seconds.
Begin MonoManager ReloadAssembly
Native extension for WindowsStandalone target not found
Refreshing native plugins compatible for Editor in 0.38 ms, found 1 plugins.
Preloading 0 native plugins for Editor in 0.00 ms.
Mono: successfully reloaded assembly
- Completed reload, in  1.287 seconds
Platform modules already initialized, skipping
Refreshing native plugins compatible for Editor in 0.42 ms, found 1 plugins.
Preloading 0 native plugins for Editor in 0.00 ms.
Unloading 1807 Unused Serialized files (Serialized files now loaded: 0)
System memory in use before: 85.0 MB.
System memory in use after: 85.0 MB.

Unloading 12 unused Assets to reduce memory usage. Loaded Objects now: 2271.
Total: 3.096700 ms (FindLiveObjects: 0.538100 ms CreateObjectMapping: 0.186600 ms MarkObjects: 2.199000 ms  DeleteObjects: 0.170700 ms)

========================================================================
Received Prepare
Registering precompiled user dll's ...
Registered in 0.001555 seconds.
Begin MonoManager ReloadAssembly
Native extension for WindowsStandalone target not found
Refreshing native plugins compatible for Editor in 0.51 ms, found 1 plugins.
Preloading 0 native plugins for Editor in 0.00 ms.
Mono: successfully reloaded assembly
- Completed reload, in  1.139 seconds
Platform modules already initialized, skipping
Refreshing native plugins compatible for Editor in 0.41 ms, found 1 plugins.
Preloading 0 native plugins for Editor in 0.00 ms.
Unloading 1807 Unused Serialized files (Serialized files now loaded: 0)
System memory in use before: 85.0 MB.
System memory in use after: 85.0 MB.

Unloading 12 unused Assets to reduce memory usage. Loaded Objects now: 2275.
Total: 3.221700 ms (FindLiveObjects: 0.600700 ms CreateObjectMapping: 0.241300 ms MarkObjects: 2.121700 ms  DeleteObjects: 0.256900 ms)

========================================================================
Received Import Request.
  Time since last request: 40.239976 seconds.
  path: Assets/Scripts/Platform/LeftsidePlatformMethods.cs
  artifactKey: Guid(9102b5ac57db8a045b1dfef07e10acad) Importer(815301076,1909f56bfc062723c751e8b465ee728b)
Start importing Assets/Scripts/Platform/LeftsidePlatformMethods.cs using Guid(9102b5ac57db8a045b1dfef07e10acad) Importer(815301076,1909f56bfc062723c751e8b465ee728b)  -> (artifact id: '2aa9dbdeb5c5e664fe66639e32364e5b') in 0.005658 seconds
  Import took 0.032102 seconds .

========================================================================
Received Import Request.
  Time since last request: 23.388502 seconds.
  path: Assets/Prefabs/rightsideplatform1.prefab
  artifactKey: Guid(a637a07dad51c45409ef23c1f5d6555e) Importer(815301076,1909f56bfc062723c751e8b465ee728b)
Start importing Assets/Prefabs/rightsideplatform1.prefab using Guid(a637a07dad51c45409ef23c1f5d6555e) Importer(815301076,1909f56bfc062723c751e8b465ee728b)  -> (artifact id: 'ff026a294f0a44c74ce3a38206ac030e') in 0.205113 seconds
  Import took 0.228090 seconds .

========================================================================
Received Import Request.
  Time since last request: 7.266563 seconds.
  path: Assets/Prefabs/rightsideplatform2.prefab
  artifactKey: Guid(5035931b8a290084a846029f89d50568) Importer(815301076,1909f56bfc062723c751e8b465ee728b)
Start importing Assets/Prefabs/rightsideplatform2.prefab using Guid(5035931b8a290084a846029f89d50568) Importer(815301076,1909f56bfc062723c751e8b465ee728b)  -> (artifact id: '837b5ee4dfc3c024362096f38afcafa6') in 0.018006 seconds
  Import took 0.023624 seconds .

========================================================================
Received Import Request.
  Time since last request: 7.150288 seconds.
  path: Assets/Prefabs/rightsideplatform3.prefab
  artifactKey: Guid(885f17bd1d2d4f540825582635cc19a0) Importer(815301076,1909f56bfc062723c751e8b465ee728b)
Start importing Assets/Prefabs/rightsideplatform3.prefab using Guid(885f17bd1d2d4f540825582635cc19a0) Importer(815301076,1909f56bfc062723c751e8b465ee728b)  -> (artifact id: '0cdef1bb568a2e5497b59d20008c51bd') in 0.012619 seconds
  Import took 0.018140 seconds .

========================================================================
Received Import Request.
  Time since last request: 18.319904 seconds.
  path: Assets/Prefabs/rightsideplatform1 1.prefab
  artifactKey: Guid(3e835a409c8f9cb4c90e132fdae80b69) Importer(815301076,1909f56bfc062723c751e8b465ee728b)
Start importing Assets/Prefabs/rightsideplatform1 1.prefab using Guid(3e835a409c8f9cb4c90e132fdae80b69) Importer(815301076,1909f56bfc062723c751e8b465ee728b)  -> (artifact id: '90c90dd27e371dbc8c38221df44d0e8d') in 0.016325 seconds
  Import took 0.021596 seconds .

========================================================================
Received Import Request.
  Time since last request: 0.000419 seconds.
  path: Assets/Prefabs/rightsideplatform3 1.prefab
  artifactKey: Guid(f8cf78965a0d6214eadfbd86fa008052) Importer(815301076,1909f56bfc062723c751e8b465ee728b)
Start importing Assets/Prefabs/rightsideplatform3 1.prefab using Guid(f8cf78965a0d6214eadfbd86fa008052) Importer(815301076,1909f56bfc062723c751e8b465ee728b)  -> (artifact id: '6de539b153a864097b68d356bd3f7a4f') in 0.011824 seconds
  Import took 0.015665 seconds .

========================================================================
Received Import Request.
  Time since last request: 0.000488 seconds.
  path: Assets/Prefabs/rightsideplatform1 1.prefab
  artifactKey: Guid(3e835a409c8f9cb4c90e132fdae80b69) Importer(815301076,1909f56bfc062723c751e8b465ee728b)
Start importing Assets/Prefabs/rightsideplatform1 1.prefab using Guid(3e835a409c8f9cb4c90e132fdae80b69) Importer(815301076,1909f56bfc062723c751e8b465ee728b)  -> (artifact id: '90c90dd27e371dbc8c38221df44d0e8d') in 0.011081 seconds
  Import took 0.015878 seconds .

========================================================================
Received Import Request.
  Time since last request: 0.000456 seconds.
  path: Assets/Prefabs/rightsideplatform2 1.prefab
  artifactKey: Guid(1b361188e623bbe4493b0c8dacb67f59) Importer(815301076,1909f56bfc062723c751e8b465ee728b)
Start importing Assets/Prefabs/rightsideplatform2 1.prefab using Guid(1b361188e623bbe4493b0c8dacb67f59) Importer(815301076,1909f56bfc062723c751e8b465ee728b)  -> (artifact id: '13e0614d3ddbbf1952c2379b4e953260') in 0.014944 seconds
  Import took 0.020158 seconds .

========================================================================
Received Import Request.
  Time since last request: 3.690175 seconds.
  path: Assets/Prefabs/Rightside Platforms/rightsideplatform1 1.prefab
  artifactKey: Guid(3e835a409c8f9cb4c90e132fdae80b69) Importer(815301076,1909f56bfc062723c751e8b465ee728b)
Start importing Assets/Prefabs/Rightside Platforms/rightsideplatform1 1.prefab using Guid(3e835a409c8f9cb4c90e132fdae80b69) Importer(815301076,1909f56bfc062723c751e8b465ee728b)  -> (artifact id: '1ef5462364402fb4704fd16c9ac17a08') in 0.012620 seconds
  Import took 0.025923 seconds .

========================================================================
Received Import Request.
  Time since last request: 4.667239 seconds.
  path: Assets/Prefabs/Rightside Platforms/rightsideplatform2 1.prefab
  artifactKey: Guid(1b361188e623bbe4493b0c8dacb67f59) Importer(815301076,1909f56bfc062723c751e8b465ee728b)
Start importing Assets/Prefabs/Rightside Platforms/rightsideplatform2 1.prefab using Guid(1b361188e623bbe4493b0c8dacb67f59) Importer(815301076,1909f56bfc062723c751e8b465ee728b)  -> (artifact id: '0ce0bb2093961dff87a352ab3364311d') in 0.011637 seconds
  Import took 0.017228 seconds .

========================================================================
Received Import Request.
  Time since last request: 0.000450 seconds.
  path: Assets/Prefabs/Rightside Platforms/rightsideplatform3 1.prefab
  artifactKey: Guid(f8cf78965a0d6214eadfbd86fa008052) Importer(815301076,1909f56bfc062723c751e8b465ee728b)
Start importing Assets/Prefabs/Rightside Platforms/rightsideplatform3 1.prefab using Guid(f8cf78965a0d6214eadfbd86fa008052) Importer(815301076,1909f56bfc062723c751e8b465ee728b)  -> (artifact id: '09c615c8e9c454e2aa9df6d434c2b1c1') in 0.012377 seconds
  Import took 0.017806 seconds .

========================================================================
Received Import Request.
  Time since last request: 13.614393 seconds.
  path: Assets/Prefabs/Leftside Platforms
  artifactKey: Guid(dc47b1775bb447e45b6b456593be6eba) Importer(815301076,1909f56bfc062723c751e8b465ee728b)
Start importing Assets/Prefabs/Leftside Platforms using Guid(dc47b1775bb447e45b6b456593be6eba) Importer(815301076,1909f56bfc062723c751e8b465ee728b)  -> (artifact id: 'e1c8d4d9dcb27341febb50ce50351ac2') in 0.002495 seconds
  Import took 0.006367 seconds .

========================================================================
Received Import Request.
  Time since last request: 6.487295 seconds.
  path: Assets/Prefabs/Rightside Platforms
  artifactKey: Guid(0c188c0f67252714092777dcf70d1374) Importer(815301076,1909f56bfc062723c751e8b465ee728b)
Start importing Assets/Prefabs/Rightside Platforms using Guid(0c188c0f67252714092777dcf70d1374) Importer(815301076,1909f56bfc062723c751e8b465ee728b)  -> (artifact id: '5012d4fef005adad74fa6568af17e090') in 0.002918 seconds
  Import took 0.007240 seconds .

========================================================================
Received Import Request.
  Time since last request: 14.690940 seconds.
  path: Assets/Prefabs/Leftside Platforms/leftsideplatform1.prefab
  artifactKey: Guid(3e835a409c8f9cb4c90e132fdae80b69) Importer(815301076,1909f56bfc062723c751e8b465ee728b)
Start importing Assets/Prefabs/Leftside Platforms/leftsideplatform1.prefab using Guid(3e835a409c8f9cb4c90e132fdae80b69) Importer(815301076,1909f56bfc062723c751e8b465ee728b)  -> (artifact id: 'e7ffb858c138673aa41741061dfb3079') in 0.014244 seconds
  Import took 0.048063 seconds .

========================================================================
Received Import Request.
  Time since last request: 13.256369 seconds.
  path: Assets/Prefabs/Leftside Platforms/leftsideplatform2.prefab
  artifactKey: Guid(1b361188e623bbe4493b0c8dacb67f59) Importer(815301076,1909f56bfc062723c751e8b465ee728b)
Start importing Assets/Prefabs/Leftside Platforms/leftsideplatform2.prefab using Guid(1b361188e623bbe4493b0c8dacb67f59) Importer(815301076,1909f56bfc062723c751e8b465ee728b)  -> (artifact id: 'f6065ec979439f4dfad07dc7fe876999') in 0.017613 seconds
  Import took 0.023401 seconds .

========================================================================
Received Import Request.
  Time since last request: 10.471069 seconds.
  path: Assets/Prefabs/Leftside Platforms/leftsideplatform3.prefab
  artifactKey: Guid(f8cf78965a0d6214eadfbd86fa008052) Importer(815301076,1909f56bfc062723c751e8b465ee728b)
Start importing Assets/Prefabs/Leftside Platforms/leftsideplatform3.prefab using Guid(f8cf78965a0d6214eadfbd86fa008052) Importer(815301076,1909f56bfc062723c751e8b465ee728b)  -> (artifact id: '4679e1eb7d47d7bf185d5b99359c92b6') in 0.016489 seconds
  Import took 0.042940 seconds .

========================================================================
Received Import Request.
  Time since last request: 4.712012 seconds.
  path: Assets/Scripts/Player
  artifactKey: Guid(f32d9a80b146a524881e4a0e38729fe1) Importer(815301076,1909f56bfc062723c751e8b465ee728b)
Start importing Assets/Scripts/Player using Guid(f32d9a80b146a524881e4a0e38729fe1) Importer(815301076,1909f56bfc062723c751e8b465ee728b)  -> (artifact id: '691a1ed546c4cc33d805f96e831956bb') in 0.002584 seconds
  Import took 0.031264 seconds .

========================================================================
Received Import Request.
  Time since last request: 24.838415 seconds.
  path: Assets/Prefabs/Leftside Platforms/leftsideplatform1.prefab
  artifactKey: Guid(3e835a409c8f9cb4c90e132fdae80b69) Importer(815301076,1909f56bfc062723c751e8b465ee728b)
Start importing Assets/Prefabs/Leftside Platforms/leftsideplatform1.prefab using Guid(3e835a409c8f9cb4c90e132fdae80b69) Importer(815301076,1909f56bfc062723c751e8b465ee728b)  -> (artifact id: 'e92e892f5a1c4ae35e344c06b0658703') in 0.010968 seconds
  Import took 0.015883 seconds .

========================================================================
Received Import Request.
  Time since last request: 4.089632 seconds.
  path: Assets/Prefabs/Leftside Platforms/leftsideplatform2.prefab
  artifactKey: Guid(1b361188e623bbe4493b0c8dacb67f59) Importer(815301076,1909f56bfc062723c751e8b465ee728b)
Start importing Assets/Prefabs/Leftside Platforms/leftsideplatform2.prefab using Guid(1b361188e623bbe4493b0c8dacb67f59) Importer(815301076,1909f56bfc062723c751e8b465ee728b)  -> (artifact id: 'cd3260d10ef2a30659a73ff7e872cbde') in 0.012318 seconds
  Import took 0.036504 seconds .

========================================================================
Received Import Request.
  Time since last request: 0.006083 seconds.
  path: Assets/Prefabs/Leftside Platforms/leftsideplatform2.prefab
  artifactKey: Guid(1b361188e623bbe4493b0c8dacb67f59) Importer(815301076,1909f56bfc062723c751e8b465ee728b)
Start importing Assets/Prefabs/Leftside Platforms/leftsideplatform2.prefab using Guid(1b361188e623bbe4493b0c8dacb67f59) Importer(815301076,1909f56bfc062723c751e8b465ee728b)  -> (artifact id: 'cd3260d10ef2a30659a73ff7e872cbde') in 0.011119 seconds
  Import took 0.016404 seconds .

========================================================================
Received Import Request.
  Time since last request: 2.590454 seconds.
  path: Assets/Prefabs/Leftside Platforms/leftsideplatform3.prefab
  artifactKey: Guid(f8cf78965a0d6214eadfbd86fa008052) Importer(815301076,1909f56bfc062723c751e8b465ee728b)
Start importing Assets/Prefabs/Leftside Platforms/leftsideplatform3.prefab using Guid(f8cf78965a0d6214eadfbd86fa008052) Importer(815301076,1909f56bfc062723c751e8b465ee728b)  -> (artifact id: '55737f39b9b15927e9da5105bf43809e') in 0.012354 seconds
  Import took 0.016866 seconds .

========================================================================
Received Import Request.
  Time since last request: 7.588421 seconds.
  path: Assets/Prefabs/Leftside Platforms/leftsideplatform1.prefab
  artifactKey: Guid(3e835a409c8f9cb4c90e132fdae80b69) Importer(815301076,1909f56bfc062723c751e8b465ee728b)
Start importing Assets/Prefabs/Leftside Platforms/leftsideplatform1.prefab using Guid(3e835a409c8f9cb4c90e132fdae80b69) Importer(815301076,1909f56bfc062723c751e8b465ee728b)  -> (artifact id: '4b8a138126edb201cf4c7bb0597eae81') in 0.012388 seconds
  Import took 0.018291 seconds .

========================================================================
Received Import Request.
  Time since last request: 0.002036 seconds.
  path: Assets/Prefabs/Leftside Platforms/leftsideplatform1.prefab
  artifactKey: Guid(3e835a409c8f9cb4c90e132fdae80b69) Importer(815301076,1909f56bfc062723c751e8b465ee728b)
Start importing Assets/Prefabs/Leftside Platforms/leftsideplatform1.prefab using Guid(3e835a409c8f9cb4c90e132fdae80b69) Importer(815301076,1909f56bfc062723c751e8b465ee728b)  -> (artifact id: '4b8a138126edb201cf4c7bb0597eae81') in 0.011778 seconds
  Import took 0.017301 seconds .

========================================================================
Received Prepare
Registering precompiled user dll's ...
Registered in 0.000933 seconds.
Begin MonoManager ReloadAssembly
Native extension for WindowsStandalone target not found
Refreshing native plugins compatible for Editor in 0.36 ms, found 1 plugins.
Preloading 0 native plugins for Editor in 0.00 ms.
Mono: successfully reloaded assembly
- Completed reload, in  1.249 seconds
Platform modules already initialized, skipping
Refreshing native plugins compatible for Editor in 0.34 ms, found 1 plugins.
Preloading 0 native plugins for Editor in 0.00 ms.
Unloading 1807 Unused Serialized files (Serialized files now loaded: 0)
System memory in use before: 88.2 MB.
System memory in use after: 88.1 MB.

Unloading 12 unused Assets to reduce memory usage. Loaded Objects now: 2286.
Total: 2.617800 ms (FindLiveObjects: 0.198500 ms CreateObjectMapping: 0.087500 ms MarkObjects: 2.102900 ms  DeleteObjects: 0.227800 ms)

========================================================================
Received Prepare
Registering precompiled user dll's ...
Registered in 0.001224 seconds.
Begin MonoManager ReloadAssembly
Native extension for WindowsStandalone target not found
Refreshing native plugins compatible for Editor in 0.37 ms, found 1 plugins.
Preloading 0 native plugins for Editor in 0.00 ms.
Mono: successfully reloaded assembly
- Completed reload, in  1.118 seconds
Platform modules already initialized, skipping
Refreshing native plugins compatible for Editor in 0.36 ms, found 1 plugins.
Preloading 0 native plugins for Editor in 0.00 ms.
Unloading 1807 Unused Serialized files (Serialized files now loaded: 0)
System memory in use before: 88.2 MB.
System memory in use after: 88.1 MB.

Unloading 12 unused Assets to reduce memory usage. Loaded Objects now: 2290.
Total: 3.380500 ms (FindLiveObjects: 0.314300 ms CreateObjectMapping: 0.175100 ms MarkObjects: 2.719900 ms  DeleteObjects: 0.170000 ms)

========================================================================
Received Import Request.
  Time since last request: 594.259832 seconds.
  path: Assets/Scripts/Platform/RightsidePlatformMethods.cs
  artifactKey: Guid(55e8e7dfc3f2219489c1b8628a5c5c5b) Importer(815301076,1909f56bfc062723c751e8b465ee728b)
Start importing Assets/Scripts/Platform/RightsidePlatformMethods.cs using Guid(55e8e7dfc3f2219489c1b8628a5c5c5b) Importer(815301076,1909f56bfc062723c751e8b465ee728b)  -> (artifact id: 'f651141106deec9e6e8750c559595206') in 0.005162 seconds
  Import took 0.009566 seconds .

========================================================================
Received Prepare
Registering precompiled user dll's ...
Registered in 0.001662 seconds.
Begin MonoManager ReloadAssembly
Native extension for WindowsStandalone target not found
Refreshing native plugins compatible for Editor in 0.55 ms, found 1 plugins.
Preloading 0 native plugins for Editor in 0.00 ms.
Mono: successfully reloaded assembly
- Completed reload, in  1.272 seconds
Platform modules already initialized, skipping
Refreshing native plugins compatible for Editor in 0.34 ms, found 1 plugins.
Preloading 0 native plugins for Editor in 0.00 ms.
Unloading 1807 Unused Serialized files (Serialized files now loaded: 0)
System memory in use before: 88.2 MB.
System memory in use after: 88.2 MB.

Unloading 12 unused Assets to reduce memory usage. Loaded Objects now: 2294.
Total: 4.409200 ms (FindLiveObjects: 0.361900 ms CreateObjectMapping: 0.134100 ms MarkObjects: 3.610200 ms  DeleteObjects: 0.301900 ms)

========================================================================
Received Import Request.
  Time since last request: 39.129407 seconds.
  path: Assets/Scripts/Platform/LeftsidePlatformMethods.cs
  artifactKey: Guid(9102b5ac57db8a045b1dfef07e10acad) Importer(815301076,1909f56bfc062723c751e8b465ee728b)
Start importing Assets/Scripts/Platform/LeftsidePlatformMethods.cs using Guid(9102b5ac57db8a045b1dfef07e10acad) Importer(815301076,1909f56bfc062723c751e8b465ee728b)  -> (artifact id: '2588efe3f78ee63c41ad731509f015bd') in 0.005509 seconds
  Import took 0.035227 seconds .

========================================================================
Received Prepare
Registering precompiled user dll's ...
Registered in 0.001657 seconds.
Begin MonoManager ReloadAssembly
Native extension for WindowsStandalone target not found
Refreshing native plugins compatible for Editor in 0.35 ms, found 1 plugins.
Preloading 0 native plugins for Editor in 0.00 ms.
Mono: successfully reloaded assembly
- Completed reload, in  1.090 seconds
Platform modules already initialized, skipping
Refreshing native plugins compatible for Editor in 0.42 ms, found 1 plugins.
Preloading 0 native plugins for Editor in 0.00 ms.
Unloading 1807 Unused Serialized files (Serialized files now loaded: 0)
System memory in use before: 88.2 MB.
System memory in use after: 88.2 MB.

Unloading 12 unused Assets to reduce memory usage. Loaded Objects now: 2298.
Total: 4.740900 ms (FindLiveObjects: 0.243900 ms CreateObjectMapping: 0.098500 ms MarkObjects: 4.122600 ms  DeleteObjects: 0.274300 ms)

========================================================================
Received Import Request.
  Time since last request: 65.957274 seconds.
  path: Assets/Prefabs/Leftside Platforms/leftsideplatform2.prefab
  artifactKey: Guid(1b361188e623bbe4493b0c8dacb67f59) Importer(815301076,1909f56bfc062723c751e8b465ee728b)
Start importing Assets/Prefabs/Leftside Platforms/leftsideplatform2.prefab using Guid(1b361188e623bbe4493b0c8dacb67f59) Importer(815301076,1909f56bfc062723c751e8b465ee728b)  -> (artifact id: 'a63ccaf78c466fc85e0560ab58581a0a') in 0.241933 seconds
  Import took 1.076886 seconds .

========================================================================
Received Prepare
Registering precompiled user dll's ...
Registered in 0.000977 seconds.
Begin MonoManager ReloadAssembly
Native extension for WindowsStandalone target not found
Refreshing native plugins compatible for Editor in 0.60 ms, found 1 plugins.
Preloading 0 native plugins for Editor in 0.00 ms.
Mono: successfully reloaded assembly
- Completed reload, in  1.148 seconds
Platform modules already initialized, skipping
Refreshing native plugins compatible for Editor in 0.60 ms, found 1 plugins.
Preloading 0 native plugins for Editor in 0.00 ms.
Unloading 1807 Unused Serialized files (Serialized files now loaded: 0)
System memory in use before: 88.2 MB.
System memory in use after: 88.2 MB.

Unloading 12 unused Assets to reduce memory usage. Loaded Objects now: 2303.
Total: 2.847200 ms (FindLiveObjects: 0.377200 ms CreateObjectMapping: 0.149500 ms MarkObjects: 2.169200 ms  DeleteObjects: 0.150300 ms)

========================================================================
Received Import Request.
  Time since last request: 4.706278 seconds.
  path: Assets/Prefabs/Leftside Platforms/leftsideplatform1.prefab
  artifactKey: Guid(3e835a409c8f9cb4c90e132fdae80b69) Importer(815301076,1909f56bfc062723c751e8b465ee728b)
Start importing Assets/Prefabs/Leftside Platforms/leftsideplatform1.prefab using Guid(3e835a409c8f9cb4c90e132fdae80b69) Importer(815301076,1909f56bfc062723c751e8b465ee728b)  -> (artifact id: '25322a4436fb920a26eff546de3a9a86') in 0.085701 seconds
  Import took 0.091084 seconds .

========================================================================
Received Import Request.
  Time since last request: 1.401769 seconds.
  path: Assets/Prefabs/Leftside Platforms/leftsideplatform1.prefab
  artifactKey: Guid(3e835a409c8f9cb4c90e132fdae80b69) Importer(815301076,1909f56bfc062723c751e8b465ee728b)
Start importing Assets/Prefabs/Leftside Platforms/leftsideplatform1.prefab using Guid(3e835a409c8f9cb4c90e132fdae80b69) Importer(815301076,1909f56bfc062723c751e8b465ee728b)  -> (artifact id: '8609f6d4d9bd4d1f7a7b777469424f84') in 0.013888 seconds
  Import took 0.043815 seconds .

========================================================================
Received Import Request.
  Time since last request: 1.598365 seconds.
  path: Assets/Prefabs/Leftside Platforms/leftsideplatform1.prefab
  artifactKey: Guid(3e835a409c8f9cb4c90e132fdae80b69) Importer(815301076,1909f56bfc062723c751e8b465ee728b)
Start importing Assets/Prefabs/Leftside Platforms/leftsideplatform1.prefab using Guid(3e835a409c8f9cb4c90e132fdae80b69) Importer(815301076,1909f56bfc062723c751e8b465ee728b)  -> (artifact id: '04ca7771c9ebce01e155ae10caad257e') in 0.010458 seconds
  Import took 0.015930 seconds .

========================================================================
Received Import Request.
  Time since last request: 2.294429 seconds.
  path: Assets/Prefabs/Leftside Platforms/leftsideplatform1.prefab
  artifactKey: Guid(3e835a409c8f9cb4c90e132fdae80b69) Importer(815301076,1909f56bfc062723c751e8b465ee728b)
Start importing Assets/Prefabs/Leftside Platforms/leftsideplatform1.prefab using Guid(3e835a409c8f9cb4c90e132fdae80b69) Importer(815301076,1909f56bfc062723c751e8b465ee728b)  -> (artifact id: '97fad11626de5f44ac0d376b442ef8d1') in 0.011827 seconds
  Import took 0.039604 seconds .

========================================================================
Received Prepare
Registering precompiled user dll's ...
Registered in 0.000945 seconds.
Begin MonoManager ReloadAssembly
Native extension for WindowsStandalone target not found
Refreshing native plugins compatible for Editor in 0.39 ms, found 1 plugins.
Preloading 0 native plugins for Editor in 0.00 ms.
Mono: successfully reloaded assembly
- Completed reload, in  1.157 seconds
Platform modules already initialized, skipping
Refreshing native plugins compatible for Editor in 0.44 ms, found 1 plugins.
Preloading 0 native plugins for Editor in 0.00 ms.
Unloading 1807 Unused Serialized files (Serialized files now loaded: 0)
System memory in use before: 88.2 MB.
System memory in use after: 88.2 MB.

Unloading 12 unused Assets to reduce memory usage. Loaded Objects now: 2308.
Total: 3.512100 ms (FindLiveObjects: 0.454300 ms CreateObjectMapping: 0.147500 ms MarkObjects: 2.728100 ms  DeleteObjects: 0.181300 ms)

========================================================================
Received Import Request.
  Time since last request: 85.461339 seconds.
  path: Assets/Prefabs/Leftside Platforms/leftsideplatform1.prefab
  artifactKey: Guid(3e835a409c8f9cb4c90e132fdae80b69) Importer(815301076,1909f56bfc062723c751e8b465ee728b)
Start importing Assets/Prefabs/Leftside Platforms/leftsideplatform1.prefab using Guid(3e835a409c8f9cb4c90e132fdae80b69) Importer(815301076,1909f56bfc062723c751e8b465ee728b)  -> (artifact id: '41c29d7bcbc76ddf02fbc2451aa7befc') in 0.073133 seconds
  Import took 0.077710 seconds .

========================================================================
Received Prepare
Registering precompiled user dll's ...
Registered in 0.001242 seconds.
Begin MonoManager ReloadAssembly
Native extension for WindowsStandalone target not found
Refreshing native plugins compatible for Editor in 0.38 ms, found 1 plugins.
Preloading 0 native plugins for Editor in 0.00 ms.
Mono: successfully reloaded assembly
- Completed reload, in  1.083 seconds
Platform modules already initialized, skipping
Refreshing native plugins compatible for Editor in 0.41 ms, found 1 plugins.
Preloading 0 native plugins for Editor in 0.00 ms.
Unloading 1807 Unused Serialized files (Serialized files now loaded: 0)
System memory in use before: 88.2 MB.
System memory in use after: 88.2 MB.

Unloading 12 unused Assets to reduce memory usage. Loaded Objects now: 2313.
Total: 2.717500 ms (FindLiveObjects: 0.436800 ms CreateObjectMapping: 0.131200 ms MarkObjects: 1.992700 ms  DeleteObjects: 0.155700 ms)

========================================================================
Received Prepare
Registering precompiled user dll's ...
Registered in 0.000996 seconds.
Begin MonoManager ReloadAssembly
Native extension for WindowsStandalone target not found
Refreshing native plugins compatible for Editor in 0.36 ms, found 1 plugins.
Preloading 0 native plugins for Editor in 0.00 ms.
Mono: successfully reloaded assembly
- Completed reload, in  1.142 seconds
Platform modules already initialized, skipping
Refreshing native plugins compatible for Editor in 0.41 ms, found 1 plugins.
Preloading 0 native plugins for Editor in 0.00 ms.
Unloading 1807 Unused Serialized files (Serialized files now loaded: 0)
System memory in use before: 88.2 MB.
System memory in use after: 88.2 MB.

Unloading 12 unused Assets to reduce memory usage. Loaded Objects now: 2317.
Total: 3.691500 ms (FindLiveObjects: 0.576200 ms CreateObjectMapping: 0.221300 ms MarkObjects: 2.722400 ms  DeleteObjects: 0.170200 ms)

========================================================================
Received Import Request.
  Time since last request: 118.736059 seconds.
  path: Assets/Prefabs/Leftside Platforms/leftsideplatform1.prefab
  artifactKey: Guid(3e835a409c8f9cb4c90e132fdae80b69) Importer(815301076,1909f56bfc062723c751e8b465ee728b)
Start importing Assets/Prefabs/Leftside Platforms/leftsideplatform1.prefab using Guid(3e835a409c8f9cb4c90e132fdae80b69) Importer(815301076,1909f56bfc062723c751e8b465ee728b)  -> (artifact id: '1880298ec0798fd8dc332e45b8ef13eb') in 0.074053 seconds
  Import took 0.078338 seconds .

========================================================================
Received Import Request.
  Time since last request: 1.952657 seconds.
  path: Assets/Prefabs/Leftside Platforms/leftsideplatform2.prefab
  artifactKey: Guid(1b361188e623bbe4493b0c8dacb67f59) Importer(815301076,1909f56bfc062723c751e8b465ee728b)
Start importing Assets/Prefabs/Leftside Platforms/leftsideplatform2.prefab using Guid(1b361188e623bbe4493b0c8dacb67f59) Importer(815301076,1909f56bfc062723c751e8b465ee728b)  -> (artifact id: '558fcc669119a40a8546b020588e6db2') in 0.010820 seconds
  Import took 0.015304 seconds .

========================================================================
Received Import Request.
  Time since last request: 0.479176 seconds.
  path: Assets/Prefabs/Leftside Platforms/leftsideplatform3.prefab
  artifactKey: Guid(f8cf78965a0d6214eadfbd86fa008052) Importer(815301076,1909f56bfc062723c751e8b465ee728b)
Start importing Assets/Prefabs/Leftside Platforms/leftsideplatform3.prefab using Guid(f8cf78965a0d6214eadfbd86fa008052) Importer(815301076,1909f56bfc062723c751e8b465ee728b)  -> (artifact id: '06018a45549d692f1e88738c5a901620') in 0.013347 seconds
  Import took 0.043522 seconds .

========================================================================
Received Prepare
Registering precompiled user dll's ...
Registered in 0.001224 seconds.
Begin MonoManager ReloadAssembly
Native extension for WindowsStandalone target not found
Refreshing native plugins compatible for Editor in 0.42 ms, found 1 plugins.
Preloading 0 native plugins for Editor in 0.00 ms.
Mono: successfully reloaded assembly
- Completed reload, in  1.318 seconds
Platform modules already initialized, skipping
Refreshing native plugins compatible for Editor in 0.38 ms, found 1 plugins.
Preloading 0 native plugins for Editor in 0.00 ms.
Unloading 1807 Unused Serialized files (Serialized files now loaded: 0)
System memory in use before: 88.2 MB.
System memory in use after: 88.2 MB.

Unloading 12 unused Assets to reduce memory usage. Loaded Objects now: 2322.
Total: 2.548700 ms (FindLiveObjects: 0.268000 ms CreateObjectMapping: 0.176300 ms MarkObjects: 1.945400 ms  DeleteObjects: 0.158000 ms)

========================================================================
Received Prepare
Registering precompiled user dll's ...
Registered in 0.001090 seconds.
Begin MonoManager ReloadAssembly
Native extension for WindowsStandalone target not found
Refreshing native plugins compatible for Editor in 0.74 ms, found 1 plugins.
Preloading 0 native plugins for Editor in 0.00 ms.
Mono: successfully reloaded assembly
- Completed reload, in  1.235 seconds
Platform modules already initialized, skipping
Refreshing native plugins compatible for Editor in 0.35 ms, found 1 plugins.
Preloading 0 native plugins for Editor in 0.00 ms.
Unloading 1807 Unused Serialized files (Serialized files now loaded: 0)
System memory in use before: 88.3 MB.
System memory in use after: 88.2 MB.

Unloading 12 unused Assets to reduce memory usage. Loaded Objects now: 2326.
Total: 2.820200 ms (FindLiveObjects: 0.455700 ms CreateObjectMapping: 0.118000 ms MarkObjects: 2.120500 ms  DeleteObjects: 0.124800 ms)

========================================================================
Received Prepare
Registering precompiled user dll's ...
Registered in 0.000925 seconds.
Begin MonoManager ReloadAssembly
Native extension for WindowsStandalone target not found
Refreshing native plugins compatible for Editor in 0.43 ms, found 1 plugins.
Preloading 0 native plugins for Editor in 0.00 ms.
Mono: successfully reloaded assembly
- Completed reload, in  1.077 seconds
Platform modules already initialized, skipping
Refreshing native plugins compatible for Editor in 0.39 ms, found 1 plugins.
Preloading 0 native plugins for Editor in 0.00 ms.
Unloading 1807 Unused Serialized files (Serialized files now loaded: 0)
System memory in use before: 88.3 MB.
System memory in use after: 88.2 MB.

Unloading 12 unused Assets to reduce memory usage. Loaded Objects now: 2330.
Total: 2.992500 ms (FindLiveObjects: 0.345800 ms CreateObjectMapping: 0.111900 ms MarkObjects: 2.402100 ms  DeleteObjects: 0.130800 ms)

========================================================================
Received Prepare
Registering precompiled user dll's ...
Registered in 0.001075 seconds.
Begin MonoManager ReloadAssembly
Native extension for WindowsStandalone target not found
Refreshing native plugins compatible for Editor in 0.37 ms, found 1 plugins.
Preloading 0 native plugins for Editor in 0.00 ms.
Mono: successfully reloaded assembly
- Completed reload, in  1.271 seconds
Platform modules already initialized, skipping
Refreshing native plugins compatible for Editor in 0.41 ms, found 1 plugins.
Preloading 0 native plugins for Editor in 0.00 ms.
Unloading 1807 Unused Serialized files (Serialized files now loaded: 0)
System memory in use before: 88.3 MB.
System memory in use after: 88.2 MB.

Unloading 12 unused Assets to reduce memory usage. Loaded Objects now: 2334.
Total: 2.848000 ms (FindLiveObjects: 0.321500 ms CreateObjectMapping: 0.136500 ms MarkObjects: 2.261400 ms  DeleteObjects: 0.127000 ms)

========================================================================
Received Prepare
Registering precompiled user dll's ...
Registered in 0.000917 seconds.
Begin MonoManager ReloadAssembly
Native extension for WindowsStandalone target not found
Refreshing native plugins compatible for Editor in 0.58 ms, found 1 plugins.
Preloading 0 native plugins for Editor in 0.00 ms.
Mono: successfully reloaded assembly
- Completed reload, in  1.075 seconds
Platform modules already initialized, skipping
Refreshing native plugins compatible for Editor in 0.45 ms, found 1 plugins.
Preloading 0 native plugins for Editor in 0.00 ms.
Unloading 1807 Unused Serialized files (Serialized files now loaded: 0)
System memory in use before: 88.3 MB.
System memory in use after: 88.3 MB.

Unloading 12 unused Assets to reduce memory usage. Loaded Objects now: 2338.
Total: 2.326300 ms (FindLiveObjects: 0.218700 ms CreateObjectMapping: 0.079200 ms MarkObjects: 1.902200 ms  DeleteObjects: 0.125100 ms)

========================================================================
Received Prepare
Registering precompiled user dll's ...
Registered in 0.000888 seconds.
Begin MonoManager ReloadAssembly
Native extension for WindowsStandalone target not found
Refreshing native plugins compatible for Editor in 0.49 ms, found 1 plugins.
Preloading 0 native plugins for Editor in 0.00 ms.
Mono: successfully reloaded assembly
- Completed reload, in  1.027 seconds
Platform modules already initialized, skipping
Refreshing native plugins compatible for Editor in 0.35 ms, found 1 plugins.
Preloading 0 native plugins for Editor in 0.00 ms.
Unloading 1807 Unused Serialized files (Serialized files now loaded: 0)
System memory in use before: 88.3 MB.
System memory in use after: 88.3 MB.

Unloading 12 unused Assets to reduce memory usage. Loaded Objects now: 2342.
Total: 2.731300 ms (FindLiveObjects: 0.260700 ms CreateObjectMapping: 0.086800 ms MarkObjects: 2.209600 ms  DeleteObjects: 0.172700 ms)

========================================================================
Received Import Request.
  Time since last request: 359.555449 seconds.
  path: Assets/Materials/bouncyMat.physicsMaterial2D
  artifactKey: Guid(3cbe52b099cf03d4aba89c379d44b09b) Importer(815301076,1909f56bfc062723c751e8b465ee728b)
Start importing Assets/Materials/bouncyMat.physicsMaterial2D using Guid(3cbe52b099cf03d4aba89c379d44b09b) Importer(815301076,1909f56bfc062723c751e8b465ee728b)  -> (artifact id: 'ecf9af2c7842c01243d45e8cf833e886') in 0.018620 seconds
  Import took 0.039397 seconds .

========================================================================
Received Import Request.
  Time since last request: 0.012741 seconds.
  path: Assets/Materials/bouncyMat.physicsMaterial2D
  artifactKey: Guid(3cbe52b099cf03d4aba89c379d44b09b) Importer(815301076,1909f56bfc062723c751e8b465ee728b)
Start importing Assets/Materials/bouncyMat.physicsMaterial2D using Guid(3cbe52b099cf03d4aba89c379d44b09b) Importer(815301076,1909f56bfc062723c751e8b465ee728b)  -> (artifact id: 'ecf9af2c7842c01243d45e8cf833e886') in 0.004236 seconds
  Import took 0.010247 seconds .

========================================================================
Received Prepare
Registering precompiled user dll's ...
Registered in 0.001309 seconds.
Begin MonoManager ReloadAssembly
Native extension for WindowsStandalone target not found
Refreshing native plugins compatible for Editor in 0.60 ms, found 1 plugins.
Preloading 0 native plugins for Editor in 0.00 ms.
Mono: successfully reloaded assembly
- Completed reload, in  1.155 seconds
Platform modules already initialized, skipping
Refreshing native plugins compatible for Editor in 0.36 ms, found 1 plugins.
Preloading 0 native plugins for Editor in 0.00 ms.
Unloading 1807 Unused Serialized files (Serialized files now loaded: 0)
System memory in use before: 88.3 MB.
System memory in use after: 88.3 MB.

Unloading 12 unused Assets to reduce memory usage. Loaded Objects now: 2346.
Total: 3.361700 ms (FindLiveObjects: 0.550400 ms CreateObjectMapping: 0.102500 ms MarkObjects: 2.514000 ms  DeleteObjects: 0.193500 ms)

========================================================================
Received Prepare
Registering precompiled user dll's ...
Registered in 0.000903 seconds.
Begin MonoManager ReloadAssembly
Native extension for WindowsStandalone target not found
Refreshing native plugins compatible for Editor in 0.35 ms, found 1 plugins.
Preloading 0 native plugins for Editor in 0.00 ms.
Mono: successfully reloaded assembly
- Completed reload, in  1.109 seconds
Platform modules already initialized, skipping
Refreshing native plugins compatible for Editor in 0.46 ms, found 1 plugins.
Preloading 0 native plugins for Editor in 0.00 ms.
Unloading 1807 Unused Serialized files (Serialized files now loaded: 0)
System memory in use before: 88.3 MB.
System memory in use after: 88.3 MB.

Unloading 12 unused Assets to reduce memory usage. Loaded Objects now: 2350.
Total: 4.081700 ms (FindLiveObjects: 0.795600 ms CreateObjectMapping: 0.378500 ms MarkObjects: 2.751100 ms  DeleteObjects: 0.153100 ms)

========================================================================
Received Prepare
Registering precompiled user dll's ...
Registered in 0.000968 seconds.
Begin MonoManager ReloadAssembly
Native extension for WindowsStandalone target not found
Refreshing native plugins compatible for Editor in 0.36 ms, found 1 plugins.
Preloading 0 native plugins for Editor in 0.00 ms.
Mono: successfully reloaded assembly
- Completed reload, in  1.130 seconds
Platform modules already initialized, skipping
Refreshing native plugins compatible for Editor in 0.38 ms, found 1 plugins.
Preloading 0 native plugins for Editor in 0.00 ms.
Unloading 1807 Unused Serialized files (Serialized files now loaded: 0)
System memory in use before: 88.3 MB.
System memory in use after: 88.3 MB.

Unloading 12 unused Assets to reduce memory usage. Loaded Objects now: 2354.
Total: 2.852700 ms (FindLiveObjects: 0.361700 ms CreateObjectMapping: 0.124100 ms MarkObjects: 2.190100 ms  DeleteObjects: 0.174800 ms)

========================================================================
Received Prepare
Registering precompiled user dll's ...
Registered in 0.000942 seconds.
Begin MonoManager ReloadAssembly
Native extension for WindowsStandalone target not found
Refreshing native plugins compatible for Editor in 0.35 ms, found 1 plugins.
Preloading 0 native plugins for Editor in 0.00 ms.
Mono: successfully reloaded assembly
- Completed reload, in  1.152 seconds
Platform modules already initialized, skipping
Refreshing native plugins compatible for Editor in 0.48 ms, found 1 plugins.
Preloading 0 native plugins for Editor in 0.00 ms.
Unloading 1807 Unused Serialized files (Serialized files now loaded: 0)
System memory in use before: 88.3 MB.
System memory in use after: 88.3 MB.

Unloading 12 unused Assets to reduce memory usage. Loaded Objects now: 2358.
Total: 4.235200 ms (FindLiveObjects: 0.230400 ms CreateObjectMapping: 0.298100 ms MarkObjects: 3.512900 ms  DeleteObjects: 0.191700 ms)

========================================================================
Received Prepare
Registering precompiled user dll's ...
Registered in 0.000965 seconds.
Begin MonoManager ReloadAssembly
Native extension for WindowsStandalone target not found
Refreshing native plugins compatible for Editor in 0.39 ms, found 1 plugins.
Preloading 0 native plugins for Editor in 0.00 ms.
Mono: successfully reloaded assembly
- Completed reload, in  1.091 seconds
Platform modules already initialized, skipping
Refreshing native plugins compatible for Editor in 0.37 ms, found 1 plugins.
Preloading 0 native plugins for Editor in 0.00 ms.
Unloading 1807 Unused Serialized files (Serialized files now loaded: 0)
System memory in use before: 88.3 MB.
System memory in use after: 88.3 MB.

Unloading 12 unused Assets to reduce memory usage. Loaded Objects now: 2362.
Total: 2.597600 ms (FindLiveObjects: 0.336900 ms CreateObjectMapping: 0.098000 ms MarkObjects: 2.008600 ms  DeleteObjects: 0.152700 ms)

========================================================================
Received Import Request.
  Time since last request: 486.418992 seconds.
  path: Assets/Prefabs/Leftside Platforms/leftsideplatform3.prefab
  artifactKey: Guid(f8cf78965a0d6214eadfbd86fa008052) Importer(815301076,1909f56bfc062723c751e8b465ee728b)
Start importing Assets/Prefabs/Leftside Platforms/leftsideplatform3.prefab using Guid(f8cf78965a0d6214eadfbd86fa008052) Importer(815301076,1909f56bfc062723c751e8b465ee728b)  -> (artifact id: '4a8f3a9dd45c88d070a18845c2c9e79d') in 0.068530 seconds
  Import took 0.089257 seconds .

========================================================================
Received Import Request.
  Time since last request: 0.035958 seconds.
  path: Assets/Prefabs/Leftside Platforms/leftsideplatform3.prefab
  artifactKey: Guid(f8cf78965a0d6214eadfbd86fa008052) Importer(815301076,1909f56bfc062723c751e8b465ee728b)
Start importing Assets/Prefabs/Leftside Platforms/leftsideplatform3.prefab using Guid(f8cf78965a0d6214eadfbd86fa008052) Importer(815301076,1909f56bfc062723c751e8b465ee728b)  -> (artifact id: '4a8f3a9dd45c88d070a18845c2c9e79d') in 0.010019 seconds
  Import took 0.013910 seconds .

========================================================================
Received Prepare
Registering precompiled user dll's ...
Registered in 0.001004 seconds.
Begin MonoManager ReloadAssembly
Native extension for WindowsStandalone target not found
Refreshing native plugins compatible for Editor in 0.40 ms, found 1 plugins.
Preloading 0 native plugins for Editor in 0.00 ms.
Mono: successfully reloaded assembly
- Completed reload, in  1.121 seconds
Platform modules already initialized, skipping
Refreshing native plugins compatible for Editor in 0.43 ms, found 1 plugins.
Preloading 0 native plugins for Editor in 0.00 ms.
Unloading 1807 Unused Serialized files (Serialized files now loaded: 0)
System memory in use before: 88.4 MB.
System memory in use after: 88.3 MB.

Unloading 12 unused Assets to reduce memory usage. Loaded Objects now: 2367.
Total: 2.961000 ms (FindLiveObjects: 0.563800 ms CreateObjectMapping: 0.189000 ms MarkObjects: 2.054800 ms  DeleteObjects: 0.151100 ms)

========================================================================
Received Import Request.
  Time since last request: 7.483751 seconds.
  path: Assets/Prefabs/Leftside Platforms/leftsideplatform2.prefab
  artifactKey: Guid(1b361188e623bbe4493b0c8dacb67f59) Importer(815301076,1909f56bfc062723c751e8b465ee728b)
Start importing Assets/Prefabs/Leftside Platforms/leftsideplatform2.prefab using Guid(1b361188e623bbe4493b0c8dacb67f59) Importer(815301076,1909f56bfc062723c751e8b465ee728b)  -> (artifact id: 'e80ccd03105385128bc660218a06fe34') in 0.061858 seconds
  Import took 0.065623 seconds .

========================================================================
Received Import Request.
  Time since last request: 1.249335 seconds.
  path: Assets/Prefabs/Leftside Platforms/leftsideplatform3.prefab
  artifactKey: Guid(f8cf78965a0d6214eadfbd86fa008052) Importer(815301076,1909f56bfc062723c751e8b465ee728b)
Start importing Assets/Prefabs/Leftside Platforms/leftsideplatform3.prefab using Guid(f8cf78965a0d6214eadfbd86fa008052) Importer(815301076,1909f56bfc062723c751e8b465ee728b)  -> (artifact id: '3f8189d744dfa48ee8b9096977a01069') in 0.061918 seconds
  Import took 0.087296 seconds .

========================================================================
Received Import Request.
  Time since last request: 0.553506 seconds.
  path: Assets/Prefabs/Leftside Platforms/leftsideplatform3.prefab
  artifactKey: Guid(f8cf78965a0d6214eadfbd86fa008052) Importer(815301076,1909f56bfc062723c751e8b465ee728b)
Start importing Assets/Prefabs/Leftside Platforms/leftsideplatform3.prefab using Guid(f8cf78965a0d6214eadfbd86fa008052) Importer(815301076,1909f56bfc062723c751e8b465ee728b)  -> (artifact id: '9a4fde7911e7a265814f644f9f10b0f7') in 0.011578 seconds
  Import took 0.015977 seconds .

========================================================================
Received Import Request.
  Time since last request: 0.576957 seconds.
  path: Assets/Prefabs/Leftside Platforms/leftsideplatform3.prefab
  artifactKey: Guid(f8cf78965a0d6214eadfbd86fa008052) Importer(815301076,1909f56bfc062723c751e8b465ee728b)
Start importing Assets/Prefabs/Leftside Platforms/leftsideplatform3.prefab using Guid(f8cf78965a0d6214eadfbd86fa008052) Importer(815301076,1909f56bfc062723c751e8b465ee728b)  -> (artifact id: '3fa378614b2678285b6078ebb60325b1') in 0.010144 seconds
  Import took 0.031223 seconds .

========================================================================
Received Import Request.
  Time since last request: 3.007348 seconds.
  path: Assets/Prefabs/Leftside Platforms/leftsideplatform2.prefab
  artifactKey: Guid(1b361188e623bbe4493b0c8dacb67f59) Importer(815301076,1909f56bfc062723c751e8b465ee728b)
Start importing Assets/Prefabs/Leftside Platforms/leftsideplatform2.prefab using Guid(1b361188e623bbe4493b0c8dacb67f59) Importer(815301076,1909f56bfc062723c751e8b465ee728b)  -> (artifact id: '46d855d7aae886cf85a0f51a10e72cc4') in 0.011561 seconds
  Import took 0.015504 seconds .

========================================================================
Received Import Request.
  Time since last request: 2.071789 seconds.
  path: Assets/Prefabs/Leftside Platforms/leftsideplatform2.prefab
  artifactKey: Guid(1b361188e623bbe4493b0c8dacb67f59) Importer(815301076,1909f56bfc062723c751e8b465ee728b)
Start importing Assets/Prefabs/Leftside Platforms/leftsideplatform2.prefab using Guid(1b361188e623bbe4493b0c8dacb67f59) Importer(815301076,1909f56bfc062723c751e8b465ee728b)  -> (artifact id: '8393458d41c258fc597596cab26dca3d') in 0.012345 seconds
  Import took 0.017443 seconds .

========================================================================
Received Import Request.
  Time since last request: 1.841747 seconds.
  path: Assets/Prefabs/Leftside Platforms/leftsideplatform2.prefab
  artifactKey: Guid(1b361188e623bbe4493b0c8dacb67f59) Importer(815301076,1909f56bfc062723c751e8b465ee728b)
Start importing Assets/Prefabs/Leftside Platforms/leftsideplatform2.prefab using Guid(1b361188e623bbe4493b0c8dacb67f59) Importer(815301076,1909f56bfc062723c751e8b465ee728b)  -> (artifact id: 'c0cfe8b92ee043fd7842db0f291f4d02') in 0.013476 seconds
  Import took 0.017389 seconds .

========================================================================
Received Import Request.
  Time since last request: 3.010100 seconds.
  path: Assets/Prefabs/Leftside Platforms/leftsideplatform3.prefab
  artifactKey: Guid(f8cf78965a0d6214eadfbd86fa008052) Importer(815301076,1909f56bfc062723c751e8b465ee728b)
Start importing Assets/Prefabs/Leftside Platforms/leftsideplatform3.prefab using Guid(f8cf78965a0d6214eadfbd86fa008052) Importer(815301076,1909f56bfc062723c751e8b465ee728b)  -> (artifact id: 'c6a6d22b551da36f32edfde11c1fbb99') in 0.011240 seconds
  Import took 0.016251 seconds .

========================================================================
Received Import Request.
  Time since last request: 2.152374 seconds.
  path: Assets/Prefabs/Leftside Platforms/leftsideplatform3.prefab
  artifactKey: Guid(f8cf78965a0d6214eadfbd86fa008052) Importer(815301076,1909f56bfc062723c751e8b465ee728b)
Start importing Assets/Prefabs/Leftside Platforms/leftsideplatform3.prefab using Guid(f8cf78965a0d6214eadfbd86fa008052) Importer(815301076,1909f56bfc062723c751e8b465ee728b)  -> (artifact id: '637faf0e41a46842684e43b167967ea9') in 0.013063 seconds
  Import took 0.072912 seconds .

========================================================================
Received Import Request.
  Time since last request: 1.783893 seconds.
  path: Assets/Prefabs/Leftside Platforms/leftsideplatform3.prefab
  artifactKey: Guid(f8cf78965a0d6214eadfbd86fa008052) Importer(815301076,1909f56bfc062723c751e8b465ee728b)
Start importing Assets/Prefabs/Leftside Platforms/leftsideplatform3.prefab using Guid(f8cf78965a0d6214eadfbd86fa008052) Importer(815301076,1909f56bfc062723c751e8b465ee728b)  -> (artifact id: 'e5b4f45e159832df6cc4e3892f8195a0') in 0.025337 seconds
  Import took 0.029405 seconds .

========================================================================
Received Prepare
Registering precompiled user dll's ...
Registered in 0.001677 seconds.
Begin MonoManager ReloadAssembly
Native extension for WindowsStandalone target not found
Refreshing native plugins compatible for Editor in 0.37 ms, found 1 plugins.
Preloading 0 native plugins for Editor in 0.00 ms.
Mono: successfully reloaded assembly
- Completed reload, in  1.178 seconds
Platform modules already initialized, skipping
Refreshing native plugins compatible for Editor in 0.48 ms, found 1 plugins.
Preloading 0 native plugins for Editor in 0.00 ms.
Unloading 1807 Unused Serialized files (Serialized files now loaded: 0)
System memory in use before: 88.4 MB.
System memory in use after: 88.4 MB.

Unloading 12 unused Assets to reduce memory usage. Loaded Objects now: 2372.
Total: 4.046900 ms (FindLiveObjects: 0.590600 ms CreateObjectMapping: 0.093700 ms MarkObjects: 3.194800 ms  DeleteObjects: 0.165400 ms)

========================================================================
Received Import Request.
  Time since last request: 167.014247 seconds.
  path: Assets/Prefabs/Leftside Platforms/leftsideplatform2.prefab
  artifactKey: Guid(1b361188e623bbe4493b0c8dacb67f59) Importer(815301076,1909f56bfc062723c751e8b465ee728b)
Start importing Assets/Prefabs/Leftside Platforms/leftsideplatform2.prefab using Guid(1b361188e623bbe4493b0c8dacb67f59) Importer(815301076,1909f56bfc062723c751e8b465ee728b)  -> (artifact id: '02a3a051c57b504af397e42336915d63') in 0.080439 seconds
  Import took 0.115990 seconds .

========================================================================
Received Prepare
Registering precompiled user dll's ...
Registered in 0.001528 seconds.
Begin MonoManager ReloadAssembly
Native extension for WindowsStandalone target not found
Refreshing native plugins compatible for Editor in 0.35 ms, found 1 plugins.
Preloading 0 native plugins for Editor in 0.00 ms.
Mono: successfully reloaded assembly
- Completed reload, in  1.076 seconds
Platform modules already initialized, skipping
Refreshing native plugins compatible for Editor in 0.40 ms, found 1 plugins.
Preloading 0 native plugins for Editor in 0.00 ms.
Unloading 1807 Unused Serialized files (Serialized files now loaded: 0)
System memory in use before: 88.4 MB.
System memory in use after: 88.4 MB.

Unloading 12 unused Assets to reduce memory usage. Loaded Objects now: 2377.
Total: 2.936400 ms (FindLiveObjects: 0.438900 ms CreateObjectMapping: 0.220500 ms MarkObjects: 2.041200 ms  DeleteObjects: 0.234700 ms)

========================================================================
Received Prepare
Registering precompiled user dll's ...
Registered in 0.001044 seconds.
Begin MonoManager ReloadAssembly
Native extension for WindowsStandalone target not found
Refreshing native plugins compatible for Editor in 0.41 ms, found 1 plugins.
Preloading 0 native plugins for Editor in 0.00 ms.
Mono: successfully reloaded assembly
- Completed reload, in  1.186 seconds
Platform modules already initialized, skipping
Refreshing native plugins compatible for Editor in 0.51 ms, found 1 plugins.
Preloading 0 native plugins for Editor in 0.00 ms.
Unloading 1807 Unused Serialized files (Serialized files now loaded: 0)
System memory in use before: 88.4 MB.
System memory in use after: 88.4 MB.

Unloading 12 unused Assets to reduce memory usage. Loaded Objects now: 2381.
Total: 3.470900 ms (FindLiveObjects: 0.645800 ms CreateObjectMapping: 0.187600 ms MarkObjects: 2.293100 ms  DeleteObjects: 0.340800 ms)

========================================================================
Received Prepare
Registering precompiled user dll's ...
Registered in 0.002745 seconds.
Begin MonoManager ReloadAssembly
Native extension for WindowsStandalone target not found
Refreshing native plugins compatible for Editor in 0.57 ms, found 1 plugins.
Preloading 0 native plugins for Editor in 0.00 ms.
Mono: successfully reloaded assembly
- Completed reload, in  1.373 seconds
Platform modules already initialized, skipping
Refreshing native plugins compatible for Editor in 0.98 ms, found 1 plugins.
Preloading 0 native plugins for Editor in 0.00 ms.
Unloading 1807 Unused Serialized files (Serialized files now loaded: 0)
System memory in use before: 88.4 MB.
System memory in use after: 88.4 MB.

Unloading 12 unused Assets to reduce memory usage. Loaded Objects now: 2385.
Total: 3.125900 ms (FindLiveObjects: 0.375300 ms CreateObjectMapping: 0.333200 ms MarkObjects: 2.264300 ms  DeleteObjects: 0.151900 ms)

========================================================================
Received Import Request.
  Time since last request: 356.237982 seconds.
  path: Assets/Prefabs/Rightside Platforms/rightsideplatform2.prefab
  artifactKey: Guid(5035931b8a290084a846029f89d50568) Importer(815301076,1909f56bfc062723c751e8b465ee728b)
Start importing Assets/Prefabs/Rightside Platforms/rightsideplatform2.prefab using Guid(5035931b8a290084a846029f89d50568) Importer(815301076,1909f56bfc062723c751e8b465ee728b)  -> (artifact id: '52e571d8771b8b87055e41bdbe4b3291') in 0.106232 seconds
  Import took 0.130461 seconds .

========================================================================
Received Import Request.
  Time since last request: 2.396932 seconds.
  path: Assets/Prefabs/Leftside Platforms/leftsideplatform2.prefab
  artifactKey: Guid(1b361188e623bbe4493b0c8dacb67f59) Importer(815301076,1909f56bfc062723c751e8b465ee728b)
Start importing Assets/Prefabs/Leftside Platforms/leftsideplatform2.prefab using Guid(1b361188e623bbe4493b0c8dacb67f59) Importer(815301076,1909f56bfc062723c751e8b465ee728b)  -> (artifact id: '2a8a7ca64428e7e496de342f9b57c1b5') in 0.011594 seconds
  Import took 0.016479 seconds .

========================================================================
Received Prepare
Registering precompiled user dll's ...
Registered in 0.001025 seconds.
Begin MonoManager ReloadAssembly
Native extension for WindowsStandalone target not found
Refreshing native plugins compatible for Editor in 0.41 ms, found 1 plugins.
Preloading 0 native plugins for Editor in 0.00 ms.
Mono: successfully reloaded assembly
- Completed reload, in  1.189 seconds
Platform modules already initialized, skipping
Refreshing native plugins compatible for Editor in 0.35 ms, found 1 plugins.
Preloading 0 native plugins for Editor in 0.00 ms.
Unloading 1807 Unused Serialized files (Serialized files now loaded: 0)
System memory in use before: 88.4 MB.
System memory in use after: 88.4 MB.

Unloading 12 unused Assets to reduce memory usage. Loaded Objects now: 2390.
Total: 3.337900 ms (FindLiveObjects: 1.068600 ms CreateObjectMapping: 0.165700 ms MarkObjects: 1.914700 ms  DeleteObjects: 0.185500 ms)

========================================================================
Received Prepare
Registering precompiled user dll's ...
Registered in 0.001071 seconds.
Begin MonoManager ReloadAssembly
Native extension for WindowsStandalone target not found
Refreshing native plugins compatible for Editor in 0.45 ms, found 1 plugins.
Preloading 0 native plugins for Editor in 0.00 ms.
Mono: successfully reloaded assembly
- Completed reload, in  1.138 seconds
Platform modules already initialized, skipping
Refreshing native plugins compatible for Editor in 0.39 ms, found 1 plugins.
Preloading 0 native plugins for Editor in 0.00 ms.
Unloading 1807 Unused Serialized files (Serialized files now loaded: 0)
System memory in use before: 88.4 MB.
System memory in use after: 88.4 MB.

Unloading 12 unused Assets to reduce memory usage. Loaded Objects now: 2394.
Total: 3.461300 ms (FindLiveObjects: 0.345100 ms CreateObjectMapping: 0.127500 ms MarkObjects: 2.692800 ms  DeleteObjects: 0.294000 ms)

========================================================================
Received Prepare
Registering precompiled user dll's ...
Registered in 0.001078 seconds.
Begin MonoManager ReloadAssembly
Native extension for WindowsStandalone target not found
Refreshing native plugins compatible for Editor in 0.46 ms, found 1 plugins.
Preloading 0 native plugins for Editor in 0.00 ms.
Mono: successfully reloaded assembly
- Completed reload, in  1.102 seconds
Platform modules already initialized, skipping
Refreshing native plugins compatible for Editor in 0.51 ms, found 1 plugins.
Preloading 0 native plugins for Editor in 0.00 ms.
Unloading 1807 Unused Serialized files (Serialized files now loaded: 0)
System memory in use before: 88.4 MB.
System memory in use after: 88.4 MB.

Unloading 12 unused Assets to reduce memory usage. Loaded Objects now: 2398.
Total: 2.891600 ms (FindLiveObjects: 0.473600 ms CreateObjectMapping: 0.233600 ms MarkObjects: 2.009700 ms  DeleteObjects: 0.173500 ms)

